#
# A fatal error has been detected by the Java Runtime Environment:
#
#  EXCEPTION_ACCESS_VIOLATION (0xc0000005) at pc=0x000000006f3d4686, pid=36460, tid=22820
#
# JRE version: Java(TM) SE Runtime Environment (8.0_31-b13) (build 1.8.0_31-b13)
# Java VM: Java HotSpot(TM) 64-Bit Server VM (25.31-b07 mixed mode windows-amd64 compressed oops)
# Problematic frame:
# V  [jvm.dll+0x4c4686]
#
# Failed to write core dump. Minidumps are not enabled by default on client versions of Windows
#
# If you would like to submit a bug report, please visit:
#   http://bugreport.java.com/bugreport/crash.jsp
#

---------------  T H R E A D  ---------------

Current thread (0x000000001a82f000):  JavaThread "C2 CompilerThread1" daemon [_thread_in_native, id=22820, stack(0x000000001b0a0000,0x000000001b1a0000)]

siginfo: ExceptionCode=0xc0000005, reading address 0x0000000000000010

Registers:
RAX=0x0000000000000000, RBX=0x000000001a9bbcc0, RCX=0x000000001a9bbcc0, RDX=0x00000000460ff4e0
RSP=0x000000001b19d6b0, RBP=0x000000001a9bbcc0, RSI=0x000000001b19eb10, RDI=0x000000006f548708
R8 =0x000000001a9bbcc0, R9 =0x0000000000000002, R10=0x000000001a8982f0, R11=0x0000000000000000
R12=0x000000001b19e0c0, R13=0x00000000460ff4e0, R14=0x000000001e83df58, R15=0x0000000000000000
RIP=0x000000006f3d4686, EFLAGS=0x0000000000010246

Top of Stack: (sp=0x000000001b19d6b0)
0x000000001b19d6b0:   000000004a06e7c8 000000001a9bbcc0
0x000000001b19d6c0:   000000001e83e2c8 000000001b19d970
0x000000001b19d6d0:   0000000000000018 000000001e83dc18
0x000000001b19d6e0:   000000001b19d970 000000006f36c72a
0x000000001b19d6f0:   000000001a9bbcc0 0000000000000003
0x000000001b19d700:   0000000000000003 000000006f548708
0x000000001b19d710:   000000001a89ae80 0000000000000001
0x000000001b19d720:   0000000088ca6c00 000000006f34bda4
0x000000001b19d730:   000000001c486130 000000006f3f559b
0x000000001b19d740:   0000000000000000 000000001e83dc18
0x000000001b19d750:   0000000000000029 000000006f3818f9
0x000000001b19d760:   000000001c486130 0000000000000003
0x000000001b19d770:   0000000000000000 000000004621dd90
0x000000001b19d780:   0000000200000001 000000004621db90
0x000000001b19d790:   0000000000000029 000000006f34bda4
0x000000001b19d7a0:   0000000000000003 000000006ef10000 

Instructions: (pc=0x000000006f3d4686)
0x000000006f3d4666:   8b e1 49 8b c8 49 8b e8 4c 8b ea ff 50 28 44 8b
0x000000006f3d4676:   48 10 41 83 f9 0e 7c 06 41 83 f9 14 7e 02 33 c0
0x000000006f3d4686:   8b 48 10 48 89 5c 24 40 83 f9 10 0f 8c 03 01 00
0x000000006f3d4696:   00 83 f9 12 0f 8f fa 00 00 00 80 78 32 00 0f 84 


Register to memory mapping:

RAX=0x0000000000000000 is an unknown value
RBX=0x000000001a9bbcc0 is an unknown value
RCX=0x000000001a9bbcc0 is an unknown value
RDX=0x00000000460ff4e0 is an unknown value
RSP=0x000000001b19d6b0 is pointing into the stack for thread: 0x000000001a82f000
RBP=0x000000001a9bbcc0 is an unknown value
RSI=0x000000001b19eb10 is pointing into the stack for thread: 0x000000001a82f000
RDI=0x000000006f548708 is an unknown value
R8 =0x000000001a9bbcc0 is an unknown value
R9 =0x0000000000000002 is an unknown value
R10=0x000000001a8982f0 is an unknown value
R11=0x0000000000000000 is an unknown value
R12=0x000000001b19e0c0 is pointing into the stack for thread: 0x000000001a82f000
R13=0x00000000460ff4e0 is an unknown value
R14=0x000000001e83df58 is an unknown value
R15=0x0000000000000000 is an unknown value


Stack: [0x000000001b0a0000,0x000000001b1a0000],  sp=0x000000001b19d6b0,  free space=1013k
Native frames: (J=compiled Java code, j=interpreted, Vv=VM code, C=native code)
V  [jvm.dll+0x4c4686]
V  [jvm.dll+0x45c72a]
V  [jvm.dll+0x4dab81]
V  [jvm.dll+0x4db69f]
V  [jvm.dll+0x4dba19]
V  [jvm.dll+0x4dbf86]
V  [jvm.dll+0x438b71]
V  [jvm.dll+0x45cdd4]
V  [jvm.dll+0x4e2b98]
V  [jvm.dll+0x4db697]
V  [jvm.dll+0x4dba19]
V  [jvm.dll+0x4dbf86]
V  [jvm.dll+0x438b71]
V  [jvm.dll+0x453f2b]
V  [jvm.dll+0x437c62]
V  [jvm.dll+0x988e2]
V  [jvm.dll+0x990d3]
V  [jvm.dll+0x22c194]
V  [jvm.dll+0x28576a]
C  [msvcr100.dll+0x21d9f]
C  [msvcr100.dll+0x21e3b]
C  [KERNEL32.DLL+0x17034]
C  [ntdll.dll+0x52651]


Current CompileTask:
C2:  37207 11309   !   4       sun.misc.URLClassPath$JarLoader::getResource (95 bytes)


---------------  P R O C E S S  ---------------

Java Threads: ( => current thread )
  0x000000004953f800 JavaThread "Intermediate Collector" daemon [_thread_blocked, id=36376, stack(0x00000000009e0000,0x0000000000ae0000)]
  0x000000004953d000 JavaThread "DestroyJavaVM" [_thread_blocked, id=7064, stack(0x0000000003000000,0x0000000003100000)]
  0x000000004953b800 JavaThread "http-nio-8088-AsyncTimeout" daemon [_thread_blocked, id=31540, stack(0x000000004f0d0000,0x000000004f1d0000)]
  0x000000004953e000 JavaThread "http-nio-8088-Acceptor-0" daemon [_thread_in_native, id=5508, stack(0x000000004efd0000,0x000000004f0d0000)]
  0x000000004953b000 JavaThread "http-nio-8088-ClientPoller-1" daemon [_thread_in_native, id=27564, stack(0x000000004eed0000,0x000000004efd0000)]
  0x000000004953a000 JavaThread "http-nio-8088-ClientPoller-0" daemon [_thread_in_native, id=29468, stack(0x000000004edd0000,0x000000004eed0000)]
  0x000000004953c800 JavaThread "http-nio-8088-exec-10" daemon [_thread_blocked, id=9380, stack(0x000000004ea10000,0x000000004eb10000)]
  0x0000000049534000 JavaThread "http-nio-8088-exec-9" daemon [_thread_blocked, id=6964, stack(0x000000004e910000,0x000000004ea10000)]
  0x0000000049539800 JavaThread "http-nio-8088-exec-8" daemon [_thread_blocked, id=31800, stack(0x000000004e810000,0x000000004e910000)]
  0x0000000049538800 JavaThread "http-nio-8088-exec-7" daemon [_thread_blocked, id=8036, stack(0x000000004e710000,0x000000004e810000)]
  0x0000000049533800 JavaThread "http-nio-8088-exec-6" daemon [_thread_blocked, id=14292, stack(0x000000004e610000,0x000000004e710000)]
  0x0000000049531000 JavaThread "http-nio-8088-exec-5" daemon [_thread_blocked, id=32708, stack(0x000000004e510000,0x000000004e610000)]
  0x0000000049535000 JavaThread "http-nio-8088-exec-4" daemon [_thread_blocked, id=29608, stack(0x000000004e410000,0x000000004e510000)]
  0x0000000049532800 JavaThread "http-nio-8088-exec-3" daemon [_thread_blocked, id=21208, stack(0x000000004e310000,0x000000004e410000)]
  0x0000000049538000 JavaThread "http-nio-8088-exec-2" daemon [_thread_blocked, id=34172, stack(0x000000004e210000,0x000000004e310000)]
  0x0000000049537000 JavaThread "http-nio-8088-exec-1" daemon [_thread_blocked, id=14664, stack(0x0000000046f30000,0x0000000047030000)]
  0x0000000049535800 JavaThread "NioBlockingSelector.BlockPoller-1" daemon [_thread_in_native, id=36088, stack(0x0000000046800000,0x0000000046900000)]
  0x000000001a9e8000 JavaThread "container-0" [_thread_blocked, id=18096, stack(0x0000000045180000,0x0000000045280000)]
  0x000000001eea9800 JavaThread "ContainerBackgroundProcessor[StandardEngine[Tomcat]]" daemon [_thread_blocked, id=36512, stack(0x0000000044e80000,0x0000000044f80000)]
  0x000000001abc2800 JavaThread "Monitor Ctrl-Break" daemon [_thread_in_native, id=11472, stack(0x0000000044a80000,0x0000000044b80000)]
  0x000000001abc2000 JavaThread "pool-3-thread-1" daemon [_thread_blocked, id=32616, stack(0x0000000044660000,0x0000000044760000)]
  0x000000001abc1000 JavaThread "rebel-change-detector-thread" daemon [_thread_in_Java, id=25144, stack(0x0000000044560000,0x0000000044660000)]
  0x000000001abb9800 JavaThread "rebel-debugger-thread" daemon [_thread_blocked, id=6484, stack(0x0000000044460000,0x0000000044560000)]
  0x000000001abc0800 JavaThread "rebel-debugger-attach-notifier" daemon [_thread_blocked, id=36472, stack(0x0000000044360000,0x0000000044460000)]
  0x000000001abbf800 JavaThread "rebel-heartbeat-thread" daemon [_thread_blocked, id=18500, stack(0x0000000044260000,0x0000000044360000)]
  0x000000001abb8000 JavaThread "rebel-redeploy-thread" daemon [_thread_blocked, id=11992, stack(0x000000001e330000,0x000000001e430000)]
  0x000000001abb7800 JavaThread "rebel-leaseManager-1" daemon [_thread_blocked, id=31504, stack(0x000000001e130000,0x000000001e230000)]
  0x000000001abb9000 JavaThread "rebel-IDENotificationsImpl-PostCycle" daemon [_thread_blocked, id=32832, stack(0x000000001baa0000,0x000000001bba0000)]
  0x000000001abbc800 JavaThread "rebel-messaging-executor-41" daemon [_thread_blocked, id=10332, stack(0x000000001b9a0000,0x000000001baa0000)]
  0x000000001abb5000 JavaThread "rebel-weak-reaper" daemon [_thread_blocked, id=17796, stack(0x000000001b8a0000,0x000000001b9a0000)]
  0x000000001abbc000 JavaThread "rebel-cache-writer" daemon [_thread_blocked, id=15560, stack(0x000000001b5a0000,0x000000001b6a0000)]
  0x000000001abb6000 JavaThread "rebel-fsnotify-OutputReader" daemon [_thread_in_native, id=12124, stack(0x000000001de30000,0x000000001df30000)]
  0x000000001abbb000 JavaThread "rebel-fsnotify-OutputReader" daemon [_thread_in_native, id=21576, stack(0x000000001dd30000,0x000000001de30000)]
  0x000000001abb4800 JavaThread "rebel-fsnotify-ShutdownOnTermination" daemon [_thread_in_native, id=8080, stack(0x000000001dc30000,0x000000001dd30000)]
  0x000000001abba800 JavaThread "rebel-CacheKeepAlive" daemon [_thread_blocked, id=36588, stack(0x000000001d170000,0x000000001d270000)]
  0x000000001a9e7000 JavaThread "rebel-logger" daemon [_thread_blocked, id=25948, stack(0x000000001ce70000,0x000000001cf70000)]
  0x000000001a992000 JavaThread "Service Thread" daemon [_thread_blocked, id=36364, stack(0x000000001b3a0000,0x000000001b4a0000)]
  0x000000001a863000 JavaThread "C1 CompilerThread3" daemon [_thread_in_native, id=34232, stack(0x000000001b2a0000,0x000000001b3a0000)]
  0x000000001a85e800 JavaThread "C2 CompilerThread2" daemon [_thread_in_native, id=16152, stack(0x000000001b1a0000,0x000000001b2a0000)]
=>0x000000001a82f000 JavaThread "C2 CompilerThread1" daemon [_thread_in_native, id=22820, stack(0x000000001b0a0000,0x000000001b1a0000)]
  0x000000001a82e000 JavaThread "C2 CompilerThread0" daemon [_thread_in_native, id=22756, stack(0x000000001afa0000,0x000000001b0a0000)]
  0x00000000195df000 JavaThread "Attach Listener" daemon [_thread_blocked, id=26080, stack(0x000000001a6a0000,0x000000001a7a0000)]
  0x00000000195de800 JavaThread "Signal Dispatcher" daemon [_thread_blocked, id=2420, stack(0x000000001a5a0000,0x000000001a6a0000)]
  0x00000000181bd000 JavaThread "Finalizer" daemon [_thread_blocked, id=34520, stack(0x000000001a4a0000,0x000000001a5a0000)]
  0x00000000181b6000 JavaThread "Reference Handler" daemon [_thread_blocked, id=14856, stack(0x000000001a3a0000,0x000000001a4a0000)]

Other Threads:
  0x00000000181b1800 VMThread [stack: 0x000000001a2a0000,0x000000001a3a0000] [id=19480]
  0x000000001aa18800 WatcherThread [stack: 0x000000001b4a0000,0x000000001b5a0000] [id=7924]

VM state:not at safepoint (normal execution)

VM Mutex/Monitor currently owned by a thread: None

Heap:
 PSYoungGen      total 256512K, used 182070K [0x00000000d6980000, 0x00000000e7f80000, 0x0000000100000000)
  eden space 242688K, 70% used [0x00000000d6980000,0x00000000e0fa7340,0x00000000e5680000)
  from space 13824K, 86% used [0x00000000e7200000,0x00000000e7da6640,0x00000000e7f80000)
  to   space 20992K, 0% used [0x00000000e5680000,0x00000000e5680000,0x00000000e6b00000)
 ParOldGen       total 151040K, used 47535K [0x0000000083c00000, 0x000000008cf80000, 0x00000000d6980000)
  object space 151040K, 31% used [0x0000000083c00000,0x0000000086a6be38,0x000000008cf80000)
 Metaspace       used 69831K, capacity 72382K, committed 72612K, reserved 1114112K
  class space    used 8356K, capacity 8825K, committed 8908K, reserved 1048576K

Card table byte_map: [0x0000000012730000,0x0000000012b20000] byte_map_base: 0x0000000012312000

Marking Bits: (ParMarkBitMap*) 0x000000006f6ed4f0
 Begin Bits: [0x00000000135c0000, 0x00000000154d0000)
 End Bits:   [0x00000000154d0000, 0x00000000173e0000)

Polling page: 0x00000000024b0000

CodeCache: size=245760Kb used=13870Kb max_used=27459Kb free=231889Kb
 bounds [0x0000000003370000, 0x0000000004e60000, 0x0000000012370000]
 total_blobs=7172 nmethods=6635 adapters=448
 compilation: enabled

Compilation events (10 events):
Event: 37.137 Thread 0x000000001a863000 nmethod 11305 0x0000000004d619d0 code [0x0000000004d61b40, 0x0000000004d61d48]
Event: 37.145 Thread 0x000000001a863000 11306       3       org.zeroturnaround.javarebel.integration.util.WeakIdentityHashMap$2::_jr$ig$this$0 (8 bytes)
Event: 37.145 Thread 0x000000001a863000 nmethod 11306 0x0000000003f6fcd0 code [0x0000000003f6fe40, 0x0000000003f70070]
Event: 37.146 Thread 0x000000001a82f000 nmethod 11293 0x0000000003674390 code [0x00000000036745c0, 0x0000000003675158]
Event: 37.146 Thread 0x000000001a82e000 nmethod 11304% 0x0000000003e4e090 code [0x0000000003e4e1e0, 0x0000000003e4e678]
Event: 37.146 Thread 0x000000001a85e800 11307   !   4       sun.misc.URLClassPath$JarLoader::getResource (378 bytes)
Event: 37.146 Thread 0x000000001a82e000 11308       4       sun.misc.JarIndex::_jr$ig$indexMap (8 bytes)
Event: 37.146 Thread 0x000000001a82f000 11309   !   4       sun.misc.URLClassPath$JarLoader::getResource (95 bytes)
Event: 37.147 Thread 0x000000001a82e000 nmethod 11308 0x00000000038d0a50 code [0x00000000038d0b80, 0x00000000038d0bf8]
Event: 37.148 Thread 0x000000001a82e000 11310       4       com.zeroturnaround.javarebel.xd::a (14 bytes)

GC Heap History (10 events):
Event: 6.950 GC heap before
{Heap before GC invocations=11 (full 2):
 PSYoungGen      total 181760K, used 163328K [0x00000000d6980000, 0x00000000e4d80000, 0x0000000100000000)
  eden space 163328K, 100% used [0x00000000d6980000,0x00000000e0900000,0x00000000e0900000)
  from space 18432K, 0% used [0x00000000e1b00000,0x00000000e1b00000,0x00000000e2d00000)
  to   space 18432K, 0% used [0x00000000e0900000,0x00000000e0900000,0x00000000e1b00000)
 ParOldGen       total 115200K, used 34896K [0x0000000083c00000, 0x000000008ac80000, 0x00000000d6980000)
  object space 115200K, 30% used [0x0000000083c00000,0x0000000085e14030,0x000000008ac80000)
 Metaspace       used 48001K, capacity 49540K, committed 49828K, reserved 1093632K
  class space    used 5998K, capacity 6330K, committed 6348K, reserved 1048576K
Event: 6.962 GC heap after
Heap after GC invocations=11 (full 2):
 PSYoungGen      total 181760K, used 15519K [0x00000000d6980000, 0x00000000e5b00000, 0x0000000100000000)
  eden space 163328K, 0% used [0x00000000d6980000,0x00000000d6980000,0x00000000e0900000)
  from space 18432K, 84% used [0x00000000e0900000,0x00000000e1827c78,0x00000000e1b00000)
  to   space 19968K, 0% used [0x00000000e4780000,0x00000000e4780000,0x00000000e5b00000)
 ParOldGen       total 115200K, used 34968K [0x0000000083c00000, 0x000000008ac80000, 0x00000000d6980000)
  object space 115200K, 30% used [0x0000000083c00000,0x0000000085e26040,0x000000008ac80000)
 Metaspace       used 48001K, capacity 49540K, committed 49828K, reserved 1093632K
  class space    used 5998K, capacity 6330K, committed 6348K, reserved 1048576K
}
Event: 8.604 GC heap before
{Heap before GC invocations=12 (full 2):
 PSYoungGen      total 181760K, used 178825K [0x00000000d6980000, 0x00000000e5b00000, 0x0000000100000000)
  eden space 163328K, 99% used [0x00000000d6980000,0x00000000e08fa9e8,0x00000000e0900000)
  from space 18432K, 84% used [0x00000000e0900000,0x00000000e1827c78,0x00000000e1b00000)
  to   space 19968K, 0% used [0x00000000e4780000,0x00000000e4780000,0x00000000e5b00000)
 ParOldGen       total 115200K, used 34968K [0x0000000083c00000, 0x000000008ac80000, 0x00000000d6980000)
  object space 115200K, 30% used [0x0000000083c00000,0x0000000085e26040,0x000000008ac80000)
 Metaspace       used 56805K, capacity 58604K, committed 58788K, reserved 1101824K
  class space    used 6966K, capacity 7356K, committed 7372K, reserved 1048576K
Event: 8.617 GC heap after
Heap after GC invocations=12 (full 2):
 PSYoungGen      total 219136K, used 16555K [0x00000000d6980000, 0x00000000e5880000, 0x0000000100000000)
  eden space 201728K, 0% used [0x00000000d6980000,0x00000000d6980000,0x00000000e2e80000)
  from space 17408K, 95% used [0x00000000e4780000,0x00000000e57aaf18,0x00000000e5880000)
  to   space 21504K, 0% used [0x00000000e2e80000,0x00000000e2e80000,0x00000000e4380000)
 ParOldGen       total 115200K, used 34976K [0x0000000083c00000, 0x000000008ac80000, 0x00000000d6980000)
  object space 115200K, 30% used [0x0000000083c00000,0x0000000085e28040,0x000000008ac80000)
 Metaspace       used 56805K, capacity 58604K, committed 58788K, reserved 1101824K
  class space    used 6966K, capacity 7356K, committed 7372K, reserved 1048576K
}
Event: 8.967 GC heap before
{Heap before GC invocations=13 (full 2):
 PSYoungGen      total 219136K, used 70297K [0x00000000d6980000, 0x00000000e5880000, 0x0000000100000000)
  eden space 201728K, 26% used [0x00000000d6980000,0x00000000d9dfb780,0x00000000e2e80000)
  from space 17408K, 95% used [0x00000000e4780000,0x00000000e57aaf18,0x00000000e5880000)
  to   space 21504K, 0% used [0x00000000e2e80000,0x00000000e2e80000,0x00000000e4380000)
 ParOldGen       total 115200K, used 34976K [0x0000000083c00000, 0x000000008ac80000, 0x00000000d6980000)
  object space 115200K, 30% used [0x0000000083c00000,0x0000000085e28040,0x000000008ac80000)
 Metaspace       used 57700K, capacity 59494K, committed 59580K, reserved 1101824K
  class space    used 7049K, capacity 7431K, committed 7500K, reserved 1048576K
Event: 8.981 GC heap after
Heap after GC invocations=13 (full 2):
 PSYoungGen      total 223232K, used 13488K [0x00000000d6980000, 0x00000000e8700000, 0x0000000100000000)
  eden space 201728K, 0% used [0x00000000d6980000,0x00000000d6980000,0x00000000e2e80000)
  from space 21504K, 62% used [0x00000000e2e80000,0x00000000e3bac060,0x00000000e4380000)
  to   space 21504K, 0% used [0x00000000e7200000,0x00000000e7200000,0x00000000e8700000)
 ParOldGen       total 115200K, used 34984K [0x0000000083c00000, 0x000000008ac80000, 0x00000000d6980000)
  object space 115200K, 30% used [0x0000000083c00000,0x0000000085e2a040,0x000000008ac80000)
 Metaspace       used 57700K, capacity 59494K, committed 59580K, reserved 1101824K
  class space    used 7049K, capacity 7431K, committed 7500K, reserved 1048576K
}
Event: 8.981 GC heap before
{Heap before GC invocations=14 (full 3):
 PSYoungGen      total 223232K, used 13488K [0x00000000d6980000, 0x00000000e8700000, 0x0000000100000000)
  eden space 201728K, 0% used [0x00000000d6980000,0x00000000d6980000,0x00000000e2e80000)
  from space 21504K, 62% used [0x00000000e2e80000,0x00000000e3bac060,0x00000000e4380000)
  to   space 21504K, 0% used [0x00000000e7200000,0x00000000e7200000,0x00000000e8700000)
 ParOldGen       total 115200K, used 34984K [0x0000000083c00000, 0x000000008ac80000, 0x00000000d6980000)
  object space 115200K, 30% used [0x0000000083c00000,0x0000000085e2a040,0x000000008ac80000)
 Metaspace       used 57700K, capacity 59494K, committed 59580K, reserved 1101824K
  class space    used 7049K, capacity 7431K, committed 7500K, reserved 1048576K
Event: 9.214 GC heap after
Heap after GC invocations=14 (full 3):
 PSYoungGen      total 223232K, used 0K [0x00000000d6980000, 0x00000000e8700000, 0x0000000100000000)
  eden space 201728K, 0% used [0x00000000d6980000,0x00000000d6980000,0x00000000e2e80000)
  from space 21504K, 0% used [0x00000000e2e80000,0x00000000e2e80000,0x00000000e4380000)
  to   space 21504K, 0% used [0x00000000e7200000,0x00000000e7200000,0x00000000e8700000)
 ParOldGen       total 151040K, used 47527K [0x0000000083c00000, 0x000000008cf80000, 0x00000000d6980000)
  object space 151040K, 31% used [0x0000000083c00000,0x0000000086a69e38,0x000000008cf80000)
 Metaspace       used 57700K, capacity 59494K, committed 59580K, reserved 1101824K
  class space    used 7049K, capacity 7431K, committed 7500K, reserved 1048576K
}
Event: 11.183 GC heap before
{Heap before GC invocations=15 (full 3):
 PSYoungGen      total 223232K, used 201728K [0x00000000d6980000, 0x00000000e8700000, 0x0000000100000000)
  eden space 201728K, 100% used [0x00000000d6980000,0x00000000e2e80000,0x00000000e2e80000)
  from space 21504K, 0% used [0x00000000e2e80000,0x00000000e2e80000,0x00000000e4380000)
  to   space 21504K, 0% used [0x00000000e7200000,0x00000000e7200000,0x00000000e8700000)
 ParOldGen       total 151040K, used 47527K [0x0000000083c00000, 0x000000008cf80000, 0x00000000d6980000)
  object space 151040K, 31% used [0x0000000083c00000,0x0000000086a69e38,0x000000008cf80000)
 Metaspace       used 65241K, capacity 67572K, committed 67620K, reserved 1107968K
  class space    used 7806K, capacity 8234K, committed 8268K, reserved 1048576K
Event: 11.199 GC heap after
Heap after GC invocations=15 (full 3):
 PSYoungGen      total 256512K, used 11929K [0x00000000d6980000, 0x00000000e7f80000, 0x0000000100000000)
  eden space 242688K, 0% used [0x00000000d6980000,0x00000000d6980000,0x00000000e5680000)
  from space 13824K, 86% used [0x00000000e7200000,0x00000000e7da6640,0x00000000e7f80000)
  to   space 20992K, 0% used [0x00000000e5680000,0x00000000e5680000,0x00000000e6b00000)
 ParOldGen       total 151040K, used 47535K [0x0000000083c00000, 0x000000008cf80000, 0x00000000d6980000)
  object space 151040K, 31% used [0x0000000083c00000,0x0000000086a6be38,0x000000008cf80000)
 Metaspace       used 65241K, capacity 67572K, committed 67620K, reserved 1107968K
  class space    used 7806K, capacity 8234K, committed 8268K, reserved 1048576K
}

Deoptimization events (10 events):
Event: 26.806 Thread 0x000000001abc1000 Uncommon trap: reason=class_check action=maybe_recompile pc=0x0000000003cdcac0 method=java.util.regex.Matcher.search(I)Z @ 86
Event: 26.806 Thread 0x000000001abc1000 Uncommon trap: reason=class_check action=maybe_recompile pc=0x0000000003cdcac0 method=java.util.regex.Matcher.search(I)Z @ 86
Event: 26.897 Thread 0x000000001abc1000 Uncommon trap: reason=unloaded action=reinterpret pc=0x0000000003e6b6a0 method=com.zeroturnaround.javarebel.yn.a(Lcom/zeroturnaround/javarebel/xh;Ljava/lang/String;)Lcom/zeroturnaround/javarebel/yn; @ 153
Event: 26.930 Thread 0x000000001abc1000 Uncommon trap: reason=bimorphic action=maybe_recompile pc=0x000000000450e6e4 method=com.zeroturnaround.javarebel.glf.get(Ljava/lang/Object;)Ljava/lang/Object; @ 95
Event: 28.312 Thread 0x000000001abbc800 Uncommon trap: reason=null_check action=make_not_entrant pc=0x0000000003537fec method=com.zeroturnaround.jrebelbase.facade.e.a(Ljava/lang/Object;)Z @ 1
Event: 28.804 Thread 0x000000001abbc800 Uncommon trap: reason=array_check action=maybe_recompile pc=0x0000000004129850 method=com.zeroturnaround.jrebelbase.facade.a.a([Ljava/lang/Object;I[Ljava/lang/Object;II)V @ 98
Event: 29.110 Thread 0x000000001abbc800 Uncommon trap: reason=array_check action=maybe_recompile pc=0x0000000004129850 method=com.zeroturnaround.jrebelbase.facade.a.a([Ljava/lang/Object;I[Ljava/lang/Object;II)V @ 98
Event: 29.612 Thread 0x000000001abbc800 Uncommon trap: reason=array_check action=maybe_recompile pc=0x0000000004129850 method=com.zeroturnaround.jrebelbase.facade.a.a([Ljava/lang/Object;I[Ljava/lang/Object;II)V @ 98
Event: 29.612 Thread 0x000000001abbc800 Uncommon trap: reason=array_check action=maybe_recompile pc=0x0000000004129850 method=com.zeroturnaround.jrebelbase.facade.a.a([Ljava/lang/Object;I[Ljava/lang/Object;II)V @ 98
Event: 36.931 Thread 0x000000001abc1000 Uncommon trap: reason=class_check action=maybe_recompile pc=0x0000000003ed51dc method=com.zeroturnaround.javarebel.glf.put(Ljava/lang/Object;Ljava/lang/Object;)Ljava/lang/Object; @ 144

Internal exceptions (10 events):
Event: 27.313 Thread 0x000000001abb9000 Exception <a 'java/net/SocketTimeoutException': Read timed out> (0x00000000e08a8870) thrown at [C:\workspace\8-2-build-windows-amd64-cygwin\jdk8u31\2394\hotspot\src\share\vm\prims\jni.cpp, line 742]
Event: 27.621 Thread 0x000000001abb8000 Exception <a 'java/net/SocketTimeoutException': Read timed out> (0x00000000df152f20) thrown at [C:\workspace\8-2-build-windows-amd64-cygwin\jdk8u31\2394\hotspot\src\share\vm\prims\jni.cpp, line 742]
Event: 28.312 Thread 0x000000001abbc800 Implicit null exception at 0x0000000003535b39 to 0x0000000003537fd9
Event: 37.135 Thread 0x000000001abc1000 Exception <a 'java/security/PrivilegedActionException'> (0x00000000e0e1ab38) thrown at [C:\workspace\8-2-build-windows-amd64-cygwin\jdk8u31\2394\hotspot\src\share\vm\prims\jvm.cpp, line 1312]
Event: 37.137 Thread 0x000000001abc1000 Exception <a 'com/zeroturnaround/javarebel/yp'> (0x00000000e0e23218) thrown at [C:\workspace\8-2-build-windows-amd64-cygwin\jdk8u31\2394\hotspot\src\share\vm\prims\jvm.cpp, line 1316]
Event: 37.142 Thread 0x000000001abc1000 Exception <a 'java/security/PrivilegedActionException'> (0x00000000e0e24c40) thrown at [C:\workspace\8-2-build-windows-amd64-cygwin\jdk8u31\2394\hotspot\src\share\vm\prims\jvm.cpp, line 1312]
Event: 37.146 Thread 0x000000001abc1000 Exception <a 'java/security/PrivilegedActionException'> (0x00000000e0e2ab48) thrown at [C:\workspace\8-2-build-windows-amd64-cygwin\jdk8u31\2394\hotspot\src\share\vm\prims\jvm.cpp, line 1312]
Event: 37.148 Thread 0x000000001abc1000 Exception <a 'com/zeroturnaround/javarebel/yp'> (0x00000000e0e38208) thrown at [C:\workspace\8-2-build-windows-amd64-cygwin\jdk8u31\2394\hotspot\src\share\vm\prims\jvm.cpp, line 1316]
Event: 37.149 Thread 0x000000001abc1000 Exception <a 'java/security/PrivilegedActionException'> (0x00000000e0e39ce0) thrown at [C:\workspace\8-2-build-windows-amd64-cygwin\jdk8u31\2394\hotspot\src\share\vm\prims\jvm.cpp, line 1312]
Event: 37.151 Thread 0x000000001abc1000 Exception <a 'com/zeroturnaround/javarebel/yp'> (0x00000000e0e4bac8) thrown at [C:\workspace\8-2-build-windows-amd64-cygwin\jdk8u31\2394\hotspot\src\share\vm\prims\jvm.cpp, line 1316]

Events (10 events):
Event: 37.135 loading class org/springframework/beans/propertyeditors/CustomDateEditor
Event: 37.135 loading class org/springframework/beans/propertyeditors/CustomDateEditor done
Event: 37.141 loading class com/it/util/UserCFDemo
Event: 37.142 loading class com/it/util/UserCFDemo done
Event: 37.145 loading class com/github/pagehelper/PageInfo
Event: 37.145 loading class com/github/pagehelper/PageInfo done
Event: 37.148 loading class com/alibaba/fastjson/JSONObject
Event: 37.148 loading class com/alibaba/fastjson/JSONObject done
Event: 37.151 loading class com/alibaba/fastjson/JSON
Event: 37.151 loading class com/alibaba/fastjson/JSON done


Dynamic libraries:
0x00007ff793350000 - 0x00007ff793384000 	D:\Program Files\Java\jdk1.8.0_31\bin\java.exe
0x00007ff815c50000 - 0x00007ff815e45000 	C:\WINDOWS\SYSTEM32\ntdll.dll
0x00007ff813cb0000 - 0x00007ff813d6e000 	C:\WINDOWS\System32\KERNEL32.DLL
0x00007ff813940000 - 0x00007ff813c08000 	C:\WINDOWS\System32\KERNELBASE.dll
0x00007ff813d70000 - 0x00007ff813e1e000 	C:\WINDOWS\System32\ADVAPI32.dll
0x00007ff815680000 - 0x00007ff81571e000 	C:\WINDOWS\System32\msvcrt.dll
0x00007ff815720000 - 0x00007ff8157bc000 	C:\WINDOWS\System32\sechost.dll
0x00007ff814030000 - 0x00007ff814155000 	C:\WINDOWS\System32\RPCRT4.dll
0x00007ff8157c0000 - 0x00007ff815960000 	C:\WINDOWS\System32\USER32.dll
0x00007ff813370000 - 0x00007ff813392000 	C:\WINDOWS\System32\win32u.dll
0x00007ff814af0000 - 0x00007ff814b1b000 	C:\WINDOWS\System32\GDI32.dll
0x00007ff8135e0000 - 0x00007ff8136eb000 	C:\WINDOWS\System32\gdi32full.dll
0x00007ff813c10000 - 0x00007ff813cad000 	C:\WINDOWS\System32\msvcp_win.dll
0x00007ff813720000 - 0x00007ff813820000 	C:\WINDOWS\System32\ucrtbase.dll
0x00007ffff9480000 - 0x00007ffff971a000 	C:\WINDOWS\WinSxS\amd64_microsoft.windows.common-controls_6595b64144ccf1df_6.0.19041.1110_none_60b5254171f9507e\COMCTL32.dll
0x00007ff814160000 - 0x00007ff814190000 	C:\WINDOWS\System32\IMM32.DLL
0x0000000180000000 - 0x000000018009c000 	C:\WINDOWS\LVUAAgentInstBaseRoot\system32\Vozokopot.dll
0x00007fffe9bb0000 - 0x00007fffe9be0000 	C:\WINDOWS\LVUAAgentInstBaseRoot\system32\MozartBreathFw.dll
0x00007ff814850000 - 0x00007ff8148bb000 	C:\WINDOWS\System32\WS2_32.dll
0x00007fffe9da0000 - 0x00007fffea2ec000 	C:\WINDOWS\LVUAAgentInstBaseRoot\system32\MozartBreathCore.dll
0x0000000070780000 - 0x000000007081a000 	C:\WINDOWS\LVUAAgentInstBaseRoot\system32\SteinwayMSVCRT.dll
0x00000000706b0000 - 0x0000000070780000 	C:\WINDOWS\LVUAAgentInstBaseRoot\system32\SteinwayMSVCSTL.dll
0x00007ff814a00000 - 0x00007ff814adb000 	C:\WINDOWS\System32\COMDLG32.dll
0x00007ff814b20000 - 0x00007ff814e74000 	C:\WINDOWS\System32\combase.dll
0x00007ff815ae0000 - 0x00007ff815b8d000 	C:\WINDOWS\System32\shcore.dll
0x00007fffe9d00000 - 0x00007fffe9d94000 	C:\WINDOWS\SYSTEM32\WINSPOOL.DRV
0x00007ff814720000 - 0x00007ff814775000 	C:\WINDOWS\System32\SHLWAPI.dll
0x00007ff814e80000 - 0x00007ff8155c4000 	C:\WINDOWS\System32\SHELL32.dll
0x00007ff8148c0000 - 0x00007ff8149ea000 	C:\WINDOWS\System32\ole32.dll
0x00007ff814780000 - 0x00007ff81484d000 	C:\WINDOWS\System32\OLEAUT32.dll
0x00007ff80f450000 - 0x00007ff80f464000 	C:\WINDOWS\SYSTEM32\WTSAPI32.dll
0x00007ff812810000 - 0x00007ff8128da000 	C:\WINDOWS\SYSTEM32\DNSAPI.dll
0x00007ffff9750000 - 0x00007ffff976f000 	C:\WINDOWS\SYSTEM32\MPR.dll
0x00007ff8127d0000 - 0x00007ff81280b000 	C:\WINDOWS\SYSTEM32\IPHLPAPI.DLL
0x00007ff8159f0000 - 0x00007ff8159f8000 	C:\WINDOWS\System32\NSI.dll
0x00007fffe9b70000 - 0x00007fffe9baa000 	C:\WINDOWS\LVUAAgentInstBaseRoot\system32\MozartBreathNet.dll
0x00007fffe9a50000 - 0x00007fffe9a69000 	C:\WINDOWS\LVUAAgentInstBaseRoot\system32\MozartBreathBolo.dll
0x00007fffe9a70000 - 0x00007fffe9a85000 	C:\WINDOWS\LVUAAgentInstBaseRoot\system32\MozartBreathProtect.dll
0x000000006f770000 - 0x000000006f842000 	D:\Program Files\Java\jdk1.8.0_31\jre\bin\msvcr100.dll
0x000000006ef10000 - 0x000000006f76a000 	D:\Program Files\Java\jdk1.8.0_31\jre\bin\server\jvm.dll
0x00007ff814ae0000 - 0x00007ff814ae8000 	C:\WINDOWS\System32\PSAPI.DLL
0x00007ffff4b00000 - 0x00007ffff4b09000 	C:\WINDOWS\SYSTEM32\WSOCK32.dll
0x00007ffff5a80000 - 0x00007ffff5aa7000 	C:\WINDOWS\SYSTEM32\WINMM.dll
0x000000006ef00000 - 0x000000006ef0f000 	D:\Program Files\Java\jdk1.8.0_31\jre\bin\verify.dll
0x000000006eed0000 - 0x000000006eef8000 	D:\Program Files\Java\jdk1.8.0_31\jre\bin\java.dll
0x00007ffffacf0000 - 0x00007ffffad2a000 	d:\kfsoftwareconfigfile\.IntelliJIdea\config\plugins\jr-ide-idea\lib\jrebel6\lib\jrebel64.dll
0x00007ff812d40000 - 0x00007ff812d4c000 	C:\WINDOWS\SYSTEM32\CRYPTBASE.DLL
0x000000006ee80000 - 0x000000006eea3000 	D:\Program Files\Java\jdk1.8.0_31\jre\bin\instrument.dll
0x00007ff805570000 - 0x00007ff8055e4000 	C:\WINDOWS\SYSTEM32\Wlanapi.dll
0x00007ff8132b0000 - 0x00007ff8132cf000 	C:\WINDOWS\SYSTEM32\profapi.dll
0x000000006eeb0000 - 0x000000006eec6000 	D:\Program Files\Java\jdk1.8.0_31\jre\bin\zip.dll
0x00007ff8110c0000 - 0x00007ff811854000 	C:\WINDOWS\SYSTEM32\windows.storage.dll
0x00007ff812dd0000 - 0x00007ff812dfc000 	C:\WINDOWS\System32\Wldp.dll
0x000000006ee30000 - 0x000000006ee3d000 	D:\Program Files\Java\jdk1.8.0_31\jre\bin\management.dll
0x000000006ee60000 - 0x000000006ee7a000 	D:\Program Files\Java\jdk1.8.0_31\jre\bin\net.dll
0x00007ff812b30000 - 0x00007ff812b9a000 	C:\WINDOWS\system32\mswsock.dll
0x000000006ee40000 - 0x000000006ee51000 	D:\Program Files\Java\jdk1.8.0_31\jre\bin\nio.dll
0x000000006ee00000 - 0x000000006ee24000 	D:\Program Files\Java\jdk1.8.0_31\jre\bin\sunec.dll
0x000000006edf0000 - 0x000000006edfb000 	D:\Program Files\Java\jdk1.8.0_31\jre\bin\sunmscapi.dll
0x00007ff813480000 - 0x00007ff8135d6000 	C:\WINDOWS\System32\CRYPT32.dll
0x00007ff809fa0000 - 0x00007ff809fbb000 	C:\Users\Administrator\.jrebel\jrebel-temp\ver-48d88ae\IdeaWin64.dll
0x00007ff812d20000 - 0x00007ff812d38000 	C:\WINDOWS\SYSTEM32\CRYPTSP.dll
0x00007ff812440000 - 0x00007ff812474000 	C:\WINDOWS\system32\rsaenh.dll
0x00007ff8136f0000 - 0x00007ff813717000 	C:\WINDOWS\System32\bcrypt.dll
0x00007ff813230000 - 0x00007ff81325e000 	C:\WINDOWS\SYSTEM32\USERENV.dll
0x00007ff8133f0000 - 0x00007ff813472000 	C:\WINDOWS\System32\bcryptprimitives.dll
0x00007ff8062c0000 - 0x00007ff8062d7000 	C:\WINDOWS\SYSTEM32\dhcpcsvc6.DLL
0x00007ff806440000 - 0x00007ff80645d000 	C:\WINDOWS\SYSTEM32\dhcpcsvc.DLL
0x00007fffec1f0000 - 0x00007fffec23b000 	C:\Program Files (x86)\Sangfor\SSL\ClientComponent3\SangforNspX64.dll
0x00007ff803100000 - 0x00007ff803117000 	C:\WINDOWS\system32\napinsp.dll
0x00007ff800710000 - 0x00007ff80072b000 	C:\WINDOWS\system32\pnrpnsp.dll
0x00007ff8091b0000 - 0x00007ff8091c5000 	C:\WINDOWS\system32\wshbth.dll
0x00007ff809e50000 - 0x00007ff809e6d000 	C:\WINDOWS\system32\NLAapi.dll
0x00007ff800030000 - 0x00007ff800042000 	C:\WINDOWS\System32\winrnr.dll
0x00007ff806580000 - 0x00007ff80658a000 	C:\Windows\System32\rasadhlp.dll
0x00007ff805720000 - 0x00007ff80579f000 	C:\WINDOWS\System32\fwpuclnt.dll
0x00007ff809f70000 - 0x00007ff809f8a000 	D:\Program Files\JetBrains\IntelliJ IDEA 2017.3.5\bin\breakgen64.dll
0x00007ff811930000 - 0x00007ff811b14000 	C:\WINDOWS\SYSTEM32\dbghelp.dll

VM Arguments:
jvm_args: -Drebel.base=C:\Users\Administrator\.jrebel -Drebel.env.ide.plugin.version=2020.3.2 -Drebel.env.ide.version=2017.3.5 -Drebel.env.ide.product=IU -Drebel.env.ide=intellij -Drebel.notification.url=http://localhost:17434 -agentpath:d:\kfsoftwareconfigfile\.IntelliJIdea\config\plugins\jr-ide-idea\lib\jrebel6\lib\jrebel64.dll -javaagent:D:\Program Files\JetBrains\IntelliJ IDEA 2017.3.5\lib\idea_rt.jar=59927:D:\Program Files\JetBrains\IntelliJ IDEA 2017.3.5\bin -Dfile.encoding=UTF-8 
java_command: com.it.application.Application
java_class_path (initial): D:\Program Files\Java\jdk1.8.0_31\jre\lib\charsets.jar;D:\Program Files\Java\jdk1.8.0_31\jre\lib\deploy.jar;D:\Program Files\Java\jdk1.8.0_31\jre\lib\ext\access-bridge-64.jar;D:\Program Files\Java\jdk1.8.0_31\jre\lib\ext\cldrdata.jar;D:\Program Files\Java\jdk1.8.0_31\jre\lib\ext\dnsns.jar;D:\Program Files\Java\jdk1.8.0_31\jre\lib\ext\jaccess.jar;D:\Program Files\Java\jdk1.8.0_31\jre\lib\ext\jfxrt.jar;D:\Program Files\Java\jdk1.8.0_31\jre\lib\ext\localedata.jar;D:\Program Files\Java\jdk1.8.0_31\jre\lib\ext\nashorn.jar;D:\Program Files\Java\jdk1.8.0_31\jre\lib\ext\sunec.jar;D:\Program Files\Java\jdk1.8.0_31\jre\lib\ext\sunjce_provider.jar;D:\Program Files\Java\jdk1.8.0_31\jre\lib\ext\sunmscapi.jar;D:\Program Files\Java\jdk1.8.0_31\jre\lib\ext\sunpkcs11.jar;D:\Program Files\Java\jdk1.8.0_31\jre\lib\ext\zipfs.jar;D:\Program Files\Java\jdk1.8.0_31\jre\lib\javaws.jar;D:\Program Files\Java\jdk1.8.0_31\jre\lib\jce.jar;D:\Program Files\Java\jdk1.8.0_31\jre\lib\jfr.jar;D:\Program Files\Java\jdk1.8.0_31\jre\lib\jfxswt.jar;D:\Program Files\Java\jdk1.8.0_31\jre\lib\jsse.jar;D:\Program Files\Java\jdk1.8.0_31\jre\lib\management-agent.jar;D:\Program Files\Java\jdk1.8.0_31\jre\lib\plugin.jar;D:\Program Files\Java\jdk1.8.0_31\jre\lib\resources.jar;D:\Program Files\Java\jdk1.8.0_31\jre\lib\rt.jar;F:\ideaWorkspace2021\vuemusicshareptboot\target\classes;C:\Users\Administrator\.m2\repository\org\springframework\boot\spring-boot-starter-web\2.0.2.RELEASE\spring-boot-starter-web-2.0.2.RELEASE.jar;C:\Users\Administrator\.m2\repository\org\springframework\boot\spring-boot-starter\2.0.2.RELEASE\spring-boot-starter-2.0.2.RELEASE.jar;C:\Users\Administrator\.m2\repository\org\springframework\boot\spring-boot\2.0.2.RELEASE\spring-boot-2.0.2.RELEASE.jar;C:\Users\Administrator\.m2\repository\org\springframework\boot\spring-boot-autoconfigure\2.0.2.RELEASE\spring-boot-autoconfigure-2.0.2.RELEASE.jar;C:\Users\Administrator\.m2\repository\org\springframework\boot\spring-bo
Launcher Type: SUN_STANDARD

Environment Variables:
JAVA_HOME=D:\Program Files\Java\jdk1.7.0_80
PATH=C:\ProgramData\Oracle\Java\javapath;C:\WINDOWS\system32;C:\WINDOWS;C:\WINDOWS\System32\Wbem;C:\WINDOWS\System32\WindowsPowerShell\v1.0\;C:\WINDOWS\System32\OpenSSH\;D:\Program Files (x86)\Microsoft SQL Server\100\Tools\Binn\;D:\Program Files (x86)\Microsoft SQL Server\100\DTS\Binn\;D:\Program Files (x86)\Microsoft SQL Server\100\Tools\Binn\VSShell\Common7\IDE\;C:\Program Files (x86)\Microsoft Visual Studio 9.0\Common7\IDE\PrivateAssemblies\;%MAVEN_HOME%\bin;d:\Program Files\OpenVPN\bin;C:\Program Files\TortoiseSVN\bin;C:\Users\Administrator\AppData\Local\Microsoft\WindowsApps;
USERNAME=Administrator
OS=Windows_NT
PROCESSOR_IDENTIFIER=Intel64 Family 6 Model 142 Stepping 12, GenuineIntel



---------------  S Y S T E M  ---------------

OS: Windows 8.1 , 64 bit Build 9600 

CPU:total 8 (4 cores per cpu, 2 threads per core) family 6 model 142 stepping 12, cmov, cx8, fxsr, mmx, sse, sse2, sse3, ssse3, sse4.1, sse4.2, popcnt, avx, avx2, aes, clmul, erms, lzcnt, ht, tsc, tscinvbit, bmi1, bmi2

Memory: 4k page, physical 8137556k(995356k free), swap 18638640k(4956616k free)

vm_info: Java HotSpot(TM) 64-Bit Server VM (25.31-b07) for windows-amd64 JRE (1.8.0_31-b13), built on Dec 17 2014 21:00:28 by "java_re" with MS VC++ 10.0 (VS2010)

time: Fri Mar 25 19:49:42 2022
elapsed time: 37 seconds (0d 0h 0m 37s)

